0.000000 10.000000 0.000000
0.600000 10.979200 3.696000
1.200000 14.953600 9.984000
1.800000 23.478400 18.864000
2.400000 38.108800 30.336000
3.000000 60.400000 44.400000
3.600000 91.907200 61.056000
4.200000 134.185600 80.304000
4.800000 188.790400 102.144000
5.400000 257.276800 126.576000
6.000000 341.200000 153.600000
6.600000 442.115200 183.216000
7.200000 561.577600 215.424000
7.800000 701.142400 250.224000
8.400000 862.364800 287.616000
9.000000 1046.800000 327.600000
9.600000 1256.003200 370.176000
10.200000 1491.529600 415.344000
10.800000 1754.934400 463.104000
11.400000 2047.772800 513.456000
